Build started 4/21/2016 5:47:43 AM.
     1>Project "C:\Users\Tom\Desktop\code\Quake2-Project\game\game.vcxproj" on node 2 (build target(s)).
     1>InitializeBuildStatus:
         Creating ".\release\game.unsuccessfulbuild" because "AlwaysCreate" was specified.
       ClCompile:
         c:\Program Files (x86)\Microsoft Visual Studio 10.0\VC\bin\CL.exe /c /Z7 /nologo /W4 /WX- /O2 /Ob1 /Oy- /D WIN32 /D NDEBUG /D _WINDOWS /D _VC80_UPGRADE=0x0600 /D _WINDLL /GF /Gm- /EHsc /MT /GS /Gy /fp:precise /Zc:wchar_t /Zc:forScope /Fo".\release\\" /Fd".\release\vc100.pdb" /Gd /TC /analyze- /errorReport:prompt g_ai.c g_chase.c g_cmds.c g_combat.c g_func.c g_items.c g_main.c g_misc.c g_monster.c g_phys.c g_possessed.c g_save.c g_spawn.c g_svcmds.c g_target.c g_trigger.c g_turret.c g_utils.c g_weapon.c m_actor.c m_berserk.c m_boss2.c m_boss3.c m_boss31.c m_boss32.c m_brain.c m_chick.c m_flipper.c m_float.c m_flyer.c m_gladiator.c m_gunner.c m_hover.c m_infantry.c m_insane.c m_medic.c m_move.c m_mutant.c m_parasite.c m_soldier.c m_supertank.c m_tank.c p_client.c p_hud.c p_trail.c p_view.c p_weapon.c
         g_ai.c
     1>g_ai.c(61): warning C4127: conditional expression is constant
     1>g_ai.c(806): warning C4100: 'dist' : unreferenced formal parameter
         g_chase.c
         g_cmds.c
     1>g_cmds.c(33): warning C4996: 'strcpy': This function or variable may be unsafe. Consider using strcpy_s instead. To disable deprecation, use _CRT_SECURE_NO_WARNINGS. See online help for details.
     1>g_cmds.c(56): warning C4996: 'strcpy': This function or variable may be unsafe. Consider using strcpy_s instead. To disable deprecation, use _CRT_SECURE_NO_WARNINGS. See online help for details.
     1>g_cmds.c(57): warning C4996: 'strcpy': This function or variable may be unsafe. Consider using strcpy_s instead. To disable deprecation, use _CRT_SECURE_NO_WARNINGS. See online help for details.
     1>g_cmds.c(737): warning C4996: 'strcat': This function or variable may be unsafe. Consider using strcat_s instead. To disable deprecation, use _CRT_SECURE_NO_WARNINGS. See online help for details.
     1>g_cmds.c(740): warning C4996: 'strcat': This function or variable may be unsafe. Consider using strcat_s instead. To disable deprecation, use _CRT_SECURE_NO_WARNINGS. See online help for details.
     1>g_cmds.c(823): warning C4996: 'strcat': This function or variable may be unsafe. Consider using strcat_s instead. To disable deprecation, use _CRT_SECURE_NO_WARNINGS. See online help for details.
     1>g_cmds.c(824): warning C4996: 'strcat': This function or variable may be unsafe. Consider using strcat_s instead. To disable deprecation, use _CRT_SECURE_NO_WARNINGS. See online help for details.
     1>g_cmds.c(825): warning C4996: 'strcat': This function or variable may be unsafe. Consider using strcat_s instead. To disable deprecation, use _CRT_SECURE_NO_WARNINGS. See online help for details.
     1>g_cmds.c(836): warning C4996: 'strcat': This function or variable may be unsafe. Consider using strcat_s instead. To disable deprecation, use _CRT_SECURE_NO_WARNINGS. See online help for details.
     1>g_cmds.c(843): warning C4996: 'strcat': This function or variable may be unsafe. Consider using strcat_s instead. To disable deprecation, use _CRT_SECURE_NO_WARNINGS. See online help for details.
     1>g_cmds.c(908): warning C4996: 'sprintf': This function or variable may be unsafe. Consider using sprintf_s instead. To disable deprecation, use _CRT_SECURE_NO_WARNINGS. See online help for details.
                 c:\Program Files (x86)\Microsoft Visual Studio 10.0\VC\include\stdio.h(371) : see declaration of 'sprintf'
     1>g_cmds.c(912): warning C4996: 'strcat': This function or variable may be unsafe. Consider using strcat_s instead. To disable deprecation, use _CRT_SECURE_NO_WARNINGS. See online help for details.
     1>g_cmds.c(1002): warning C4101: 'num' : unreferenced local variable
     1>g_cmds.c(1004): warning C4101: 'tr' : unreferenced local variable
     1>g_cmds.c(1182): warning C4047: 'initializing' : 'int' differs in levels of indirection from 'void *'
         g_combat.c
     1>g_combat.c(371): warning C4100: 'attacker' : unreferenced formal parameter
     1>g_combat.c(371): warning C4100: 'targ' : unreferenced formal parameter
         g_func.c
     1>g_func.c(428): warning C4100: 'activator' : unreferenced formal parameter
     1>g_func.c(428): warning C4100: 'other' : unreferenced formal parameter
     1>g_func.c(436): warning C4100: 'surf' : unreferenced formal parameter
     1>g_func.c(436): warning C4100: 'plane' : unreferenced formal parameter
     1>g_func.c(600): warning C4100: 'surf' : unreferenced formal parameter
     1>g_func.c(600): warning C4100: 'plane' : unreferenced formal parameter
     1>g_func.c(606): warning C4100: 'activator' : unreferenced formal parameter
     1>g_func.c(606): warning C4100: 'other' : unreferenced formal parameter
     1>g_func.c(737): warning C4100: 'other' : unreferenced formal parameter
     1>g_func.c(743): warning C4100: 'surf' : unreferenced formal parameter
     1>g_func.c(743): warning C4100: 'plane' : unreferenced formal parameter
     1>g_func.c(755): warning C4100: 'point' : unreferenced formal parameter
     1>g_func.c(755): warning C4100: 'damage' : unreferenced formal parameter
     1>g_func.c(755): warning C4100: 'inflictor' : unreferenced formal parameter
     1>g_func.c(949): warning C4100: 'other' : unreferenced formal parameter
     1>g_func.c(980): warning C4100: 'surf' : unreferenced formal parameter
     1>g_func.c(980): warning C4100: 'plane' : unreferenced formal parameter
     1>g_func.c(1113): warning C4100: 'point' : unreferenced formal parameter
     1>g_func.c(1113): warning C4100: 'damage' : unreferenced formal parameter
     1>g_func.c(1113): warning C4100: 'inflictor' : unreferenced formal parameter
     1>g_func.c(1125): warning C4100: 'surf' : unreferenced formal parameter
     1>g_func.c(1125): warning C4100: 'plane' : unreferenced formal parameter
     1>g_func.c(1633): warning C4100: 'other' : unreferenced formal parameter
     1>g_func.c(1699): warning C4100: 'activator' : unreferenced formal parameter
     1>g_func.c(1777): warning C4100: 'other' : unreferenced formal parameter
     1>g_func.c(1825): warning C4100: 'activator' : unreferenced formal parameter
     1>g_func.c(1825): warning C4100: 'other' : unreferenced formal parameter
     1>g_func.c(1886): warning C4100: 'activator' : unreferenced formal parameter
     1>g_func.c(1886): warning C4100: 'other' : unreferenced formal parameter
     1>g_func.c(1960): warning C4100: 'point' : unreferenced formal parameter
     1>g_func.c(1960): warning C4100: 'damage' : unreferenced formal parameter
     1>g_func.c(1960): warning C4100: 'inflictor' : unreferenced formal parameter
     1>g_func.c(2037): warning C4100: 'activator' : unreferenced formal parameter
     1>g_func.c(2037): warning C4100: 'other' : unreferenced formal parameter
         g_items.c
     1>g_items.c(43): warning C4211: nonstandard extension used : redefined extern to static
     1>g_items.c(44): warning C4211: nonstandard extension used : redefined extern to static
     1>g_items.c(45): warning C4211: nonstandard extension used : redefined extern to static
     1>g_items.c(705): warning C4100: 'item' : unreferenced formal parameter
     1>g_items.c(761): warning C4100: 'surf' : unreferenced formal parameter
     1>g_items.c(761): warning C4100: 'plane' : unreferenced formal parameter
     1>g_items.c(892): warning C4100: 'activator' : unreferenced formal parameter
     1>g_items.c(892): warning C4100: 'other' : unreferenced formal parameter
         g_main.c
     1>g_main.c(149): warning C4996: 'vsprintf': This function or variable may be unsafe. Consider using vsprintf_s instead. To disable deprecation, use _CRT_SECURE_NO_WARNINGS. See online help for details.
                 c:\Program Files (x86)\Microsoft Visual Studio 10.0\VC\include\stdio.h(371) : see declaration of 'vsprintf'
     1>g_main.c(161): warning C4996: 'vsprintf': This function or variable may be unsafe. Consider using vsprintf_s instead. To disable deprecation, use _CRT_SECURE_NO_WARNINGS. See online help for details.
                 c:\Program Files (x86)\Microsoft Visual Studio 10.0\VC\include\stdio.h(371) : see declaration of 'vsprintf'
     1>g_main.c(234): warning C4996: 'strdup': The POSIX name for this item is deprecated. Instead, use the ISO C++ conformant name: _strdup. See online help for details.
                 c:\Program Files (x86)\Microsoft Visual Studio 10.0\VC\include\string.h(238) : see declaration of 'strdup'
     1>g_main.c(236): warning C4996: 'strtok': This function or variable may be unsafe. Consider using strtok_s instead. To disable deprecation, use _CRT_SECURE_NO_WARNINGS. See online help for details.
                 c:\Program Files (x86)\Microsoft Visual Studio 10.0\VC\include\string.h(197) : see declaration of 'strtok'
     1>g_main.c(240): warning C4996: 'strtok': This function or variable may be unsafe. Consider using strtok_s instead. To disable deprecation, use _CRT_SECURE_NO_WARNINGS. See online help for details.
                 c:\Program Files (x86)\Microsoft Visual Studio 10.0\VC\include\string.h(197) : see declaration of 'strtok'
     1>g_main.c(253): warning C4996: 'strtok': This function or variable may be unsafe. Consider using strtok_s instead. To disable deprecation, use _CRT_SECURE_NO_WARNINGS. See online help for details.
                 c:\Program Files (x86)\Microsoft Visual Studio 10.0\VC\include\string.h(197) : see declaration of 'strtok'
         g_misc.c
     1>g_misc.c(31): warning C4100: 'activator' : unreferenced formal parameter
     1>g_misc.c(31): warning C4100: 'other' : unreferenced formal parameter
     1>g_misc.c(104): warning C4100: 'surf' : unreferenced formal parameter
     1>g_misc.c(104): warning C4100: 'other' : unreferenced formal parameter
     1>g_misc.c(130): warning C4100: 'point' : unreferenced formal parameter
     1>g_misc.c(130): warning C4100: 'damage' : unreferenced formal parameter
     1>g_misc.c(130): warning C4100: 'attacker' : unreferenced formal parameter
     1>g_misc.c(130): warning C4100: 'inflictor' : unreferenced formal parameter
     1>g_misc.c(281): warning C4100: 'point' : unreferenced formal parameter
     1>g_misc.c(281): warning C4100: 'damage' : unreferenced formal parameter
     1>g_misc.c(281): warning C4100: 'attacker' : unreferenced formal parameter
     1>g_misc.c(281): warning C4100: 'inflictor' : unreferenced formal parameter
     1>g_misc.c(342): warning C4100: 'surf' : unreferenced formal parameter
     1>g_misc.c(342): warning C4100: 'plane' : unreferenced formal parameter
     1>g_misc.c(422): warning C4100: 'surf' : unreferenced formal parameter
     1>g_misc.c(422): warning C4100: 'plane' : unreferenced formal parameter
     1>g_misc.c(545): warning C4100: 'activator' : unreferenced formal parameter
     1>g_misc.c(545): warning C4100: 'other' : unreferenced formal parameter
     1>g_misc.c(593): warning C4100: 'activator' : unreferenced formal parameter
     1>g_misc.c(593): warning C4100: 'other' : unreferenced formal parameter
     1>g_misc.c(665): warning C4100: 'surf' : unreferenced formal parameter
     1>g_misc.c(683): warning C4100: 'activator' : unreferenced formal parameter
     1>g_misc.c(683): warning C4100: 'other' : unreferenced formal parameter
     1>g_misc.c(745): warning C4100: 'point' : unreferenced formal parameter
     1>g_misc.c(745): warning C4100: 'damage' : unreferenced formal parameter
     1>g_misc.c(809): warning C4100: 'activator' : unreferenced formal parameter
     1>g_misc.c(814): warning C4100: 'activator' : unreferenced formal parameter
     1>g_misc.c(814): warning C4100: 'other' : unreferenced formal parameter
     1>g_misc.c(873): warning C4100: 'surf' : unreferenced formal parameter
     1>g_misc.c(873): warning C4100: 'plane' : unreferenced formal parameter
     1>g_misc.c(966): warning C4100: 'point' : unreferenced formal parameter
     1>g_misc.c(966): warning C4100: 'damage' : unreferenced formal parameter
     1>g_misc.c(966): warning C4100: 'inflictor' : unreferenced formal parameter
     1>g_misc.c(1021): warning C4100: 'activator' : unreferenced formal parameter
     1>g_misc.c(1021): warning C4100: 'other' : unreferenced formal parameter
     1>g_misc.c(1157): warning C4100: 'activator' : unreferenced formal parameter
     1>g_misc.c(1157): warning C4100: 'other' : unreferenced formal parameter
     1>g_misc.c(1217): warning C4100: 'point' : unreferenced formal parameter
     1>g_misc.c(1217): warning C4100: 'attacker' : unreferenced formal parameter
     1>g_misc.c(1217): warning C4100: 'inflictor' : unreferenced formal parameter
     1>g_misc.c(1330): warning C4100: 'surf' : unreferenced formal parameter
     1>g_misc.c(1330): warning C4100: 'plane' : unreferenced formal parameter
     1>g_misc.c(1330): warning C4100: 'other' : unreferenced formal parameter
     1>g_misc.c(1358): warning C4100: 'other' : unreferenced formal parameter
     1>g_misc.c(1452): warning C4100: 'activator' : unreferenced formal parameter
     1>g_misc.c(1452): warning C4100: 'other' : unreferenced formal parameter
     1>g_misc.c(1577): warning C4100: 'activator' : unreferenced formal parameter
     1>g_misc.c(1577): warning C4100: 'other' : unreferenced formal parameter
     1>g_misc.c(1700): warning C4996: 'localtime': This function or variable may be unsafe. Consider using localtime_s instead. To disable deprecation, use _CRT_SECURE_NO_WARNINGS. See online help for details.
                 c:\Program Files (x86)\Microsoft Visual Studio 10.0\VC\include\time.inl(112) : see declaration of 'localtime'
     1>g_misc.c(1740): warning C4100: 'other' : unreferenced formal parameter
     1>g_misc.c(1783): warning C4100: 'surf' : unreferenced formal parameter
     1>g_misc.c(1783): warning C4100: 'plane' : unreferenced formal parameter
         g_monster.c
     1>g_monster.c(93): warning C4100: 'kick' : unreferenced formal parameter
     1>g_monster.c(473): warning C4100: 'other' : unreferenced formal parameter
     1>g_monster.c(516): warning C4100: 'other' : unreferenced formal parameter
     1>g_monster.c(812): warning C4100: 'surf' : unreferenced formal parameter
     1>g_monster.c(812): warning C4100: 'plane' : unreferenced formal parameter
         g_phys.c
         g_possessed.c
     1>g_possessed.c(72): warning C4033: 'find_host_move' must return a value
     1>g_possessed.c(274): warning C4127: conditional expression is constant
     1>g_possessed.c(283): warning C4127: conditional expression is constant
     1>g_possessed.c(246): warning C4101: 'selected_move' : unreferenced local variable
     1>g_possessed.c(417): warning C4100: 'surf' : unreferenced formal parameter
     1>g_possessed.c(417): warning C4100: 'plane' : unreferenced formal parameter
         g_save.c
     1>g_save.c(281): warning C4054: 'type cast' : from function pointer 'void (__cdecl *)(void)' to data pointer 'byte *'
     1>g_save.c(227): warning C4100: 'f' : unreferenced formal parameter
     1>g_save.c(378): warning C4054: 'type cast' : from function pointer 'void (__cdecl *)(void)' to data pointer 'byte *'
     1>g_save.c(470): warning C4996: 'fopen': This function or variable may be unsafe. Consider using fopen_s instead. To disable deprecation, use _CRT_SECURE_NO_WARNINGS. See online help for details.
                 c:\Program Files (x86)\Microsoft Visual Studio 10.0\VC\include\stdio.h(234) : see declaration of 'fopen'
     1>g_save.c(475): warning C4996: 'strcpy': This function or variable may be unsafe. Consider using strcpy_s instead. To disable deprecation, use _CRT_SECURE_NO_WARNINGS. See online help for details.
     1>g_save.c(496): warning C4996: 'fopen': This function or variable may be unsafe. Consider using fopen_s instead. To disable deprecation, use _CRT_SECURE_NO_WARNINGS. See online help for details.
                 c:\Program Files (x86)\Microsoft Visual Studio 10.0\VC\include\stdio.h(234) : see declaration of 'fopen'
     1>g_save.c(636): warning C4996: 'fopen': This function or variable may be unsafe. Consider using fopen_s instead. To disable deprecation, use _CRT_SECURE_NO_WARNINGS. See online help for details.
                 c:\Program Files (x86)\Microsoft Visual Studio 10.0\VC\include\stdio.h(234) : see declaration of 'fopen'
     1>g_save.c(645): warning C4054: 'type cast' : from function pointer 'void (__cdecl *)(void)' to data pointer 'void *'
     1>g_save.c(691): warning C4996: 'fopen': This function or variable may be unsafe. Consider using fopen_s instead. To disable deprecation, use _CRT_SECURE_NO_WARNINGS. See online help for details.
                 c:\Program Files (x86)\Microsoft Visual Studio 10.0\VC\include\stdio.h(234) : see declaration of 'fopen'
     1>g_save.c(714): warning C4054: 'type cast' : from function pointer 'void (__cdecl *)(void)' to data pointer 'void *'
     1>g_save.c(727): warning C4127: conditional expression is constant
         g_spawn.c
     1>g_spawn.c(380): warning C4996: 'sscanf': This function or variable may be unsafe. Consider using sscanf_s instead. To disable deprecation, use _CRT_SECURE_NO_WARNINGS. See online help for details.
                 c:\Program Files (x86)\Microsoft Visual Studio 10.0\VC\include\stdio.h(325) : see declaration of 'sscanf'
     1>g_spawn.c(424): warning C4127: conditional expression is constant
     1>g_spawn.c(433): warning C4996: 'strncpy': This function or variable may be unsafe. Consider using strncpy_s instead. To disable deprecation, use _CRT_SECURE_NO_WARNINGS. See online help for details.
                 c:\Program Files (x86)\Microsoft Visual Studio 10.0\VC\include\string.h(188) : see declaration of 'strncpy'
     1>g_spawn.c(543): warning C4996: 'strncpy': This function or variable may be unsafe. Consider using strncpy_s instead. To disable deprecation, use _CRT_SECURE_NO_WARNINGS. See online help for details.
                 c:\Program Files (x86)\Microsoft Visual Studio 10.0\VC\include\string.h(188) : see declaration of 'strncpy'
     1>g_spawn.c(544): warning C4996: 'strncpy': This function or variable may be unsafe. Consider using strncpy_s instead. To disable deprecation, use _CRT_SECURE_NO_WARNINGS. See online help for details.
                 c:\Program Files (x86)\Microsoft Visual Studio 10.0\VC\include\string.h(188) : see declaration of 'strncpy'
     1>g_spawn.c(554): warning C4127: conditional expression is constant
     1>g_spawn.c(829): warning C4996: 'strcpy': This function or variable may be unsafe. Consider using strcpy_s instead. To disable deprecation, use _CRT_SECURE_NO_WARNINGS. See online help for details.
     1>g_spawn.c(836): warning C4996: 'strncpy': This function or variable may be unsafe. Consider using strncpy_s instead. To disable deprecation, use _CRT_SECURE_NO_WARNINGS. See online help for details.
                 c:\Program Files (x86)\Microsoft Visual Studio 10.0\VC\include\string.h(188) : see declaration of 'strncpy'
     1>g_spawn.c(839): warning C4996: 'strncpy': This function or variable may be unsafe. Consider using strncpy_s instead. To disable deprecation, use _CRT_SECURE_NO_WARNINGS. See online help for details.
                 c:\Program Files (x86)\Microsoft Visual Studio 10.0\VC\include\string.h(188) : see declaration of 'strncpy'
         g_svcmds.c
     1>g_svcmds.c(249): warning C4996: 'sprintf': This function or variable may be unsafe. Consider using sprintf_s instead. To disable deprecation, use _CRT_SECURE_NO_WARNINGS. See online help for details.
                 c:\Program Files (x86)\Microsoft Visual Studio 10.0\VC\include\stdio.h(371) : see declaration of 'sprintf'
     1>g_svcmds.c(251): warning C4996: 'sprintf': This function or variable may be unsafe. Consider using sprintf_s instead. To disable deprecation, use _CRT_SECURE_NO_WARNINGS. See online help for details.
                 c:\Program Files (x86)\Microsoft Visual Studio 10.0\VC\include\stdio.h(371) : see declaration of 'sprintf'
     1>g_svcmds.c(255): warning C4996: 'fopen': This function or variable may be unsafe. Consider using fopen_s instead. To disable deprecation, use _CRT_SECURE_NO_WARNINGS. See online help for details.
                 c:\Program Files (x86)\Microsoft Visual Studio 10.0\VC\include\stdio.h(234) : see declaration of 'fopen'
         g_target.c
     1>g_target.c(26): warning C4100: 'activator' : unreferenced formal parameter
     1>g_target.c(26): warning C4100: 'other' : unreferenced formal parameter
     1>g_target.c(58): warning C4100: 'activator' : unreferenced formal parameter
     1>g_target.c(58): warning C4100: 'other' : unreferenced formal parameter
     1>g_target.c(93): warning C4996: 'strncpy': This function or variable may be unsafe. Consider using strncpy_s instead. To disable deprecation, use _CRT_SECURE_NO_WARNINGS. See online help for details.
                 c:\Program Files (x86)\Microsoft Visual Studio 10.0\VC\include\string.h(188) : see declaration of 'strncpy'
     1>g_target.c(121): warning C4996: 'strncpy': This function or variable may be unsafe. Consider using strncpy_s instead. To disable deprecation, use _CRT_SECURE_NO_WARNINGS. See online help for details.
                 c:\Program Files (x86)\Microsoft Visual Studio 10.0\VC\include\string.h(188) : see declaration of 'strncpy'
     1>g_target.c(123): warning C4996: 'strncpy': This function or variable may be unsafe. Consider using strncpy_s instead. To disable deprecation, use _CRT_SECURE_NO_WARNINGS. See online help for details.
                 c:\Program Files (x86)\Microsoft Visual Studio 10.0\VC\include\string.h(188) : see declaration of 'strncpy'
     1>g_target.c(118): warning C4100: 'activator' : unreferenced formal parameter
     1>g_target.c(118): warning C4100: 'other' : unreferenced formal parameter
     1>g_target.c(154): warning C4100: 'other' : unreferenced formal parameter
     1>g_target.c(189): warning C4100: 'other' : unreferenced formal parameter
     1>g_target.c(244): warning C4100: 'other' : unreferenced formal parameter
     1>g_target.c(338): warning C4100: 'other' : unreferenced formal parameter
     1>g_target.c(380): warning C4100: 'activator' : unreferenced formal parameter
     1>g_target.c(380): warning C4100: 'other' : unreferenced formal parameter
     1>g_target.c(416): warning C4100: 'activator' : unreferenced formal parameter
     1>g_target.c(416): warning C4100: 'other' : unreferenced formal parameter
     1>g_target.c(451): warning C4100: 'activator' : unreferenced formal parameter
     1>g_target.c(451): warning C4100: 'other' : unreferenced formal parameter
     1>g_target.c(523): warning C4127: conditional expression is constant
     1>g_target.c(576): warning C4100: 'other' : unreferenced formal parameter
     1>g_target.c(687): warning C4127: conditional expression is constant
     1>g_target.c(679): warning C4100: 'activator' : unreferenced formal parameter
     1>g_target.c(679): warning C4100: 'other' : unreferenced formal parameter
     1>g_target.c(785): warning C4100: 'other' : unreferenced formal parameter
         g_trigger.c
     1>g_trigger.c(66): warning C4100: 'other' : unreferenced formal parameter
     1>g_trigger.c(72): warning C4100: 'surf' : unreferenced formal parameter
     1>g_trigger.c(72): warning C4100: 'plane' : unreferenced formal parameter
     1>g_trigger.c(111): warning C4100: 'activator' : unreferenced formal parameter
     1>g_trigger.c(111): warning C4100: 'other' : unreferenced formal parameter
     1>g_trigger.c(189): warning C4100: 'other' : unreferenced formal parameter
     1>g_trigger.c(212): warning C4100: 'other' : unreferenced formal parameter
     1>g_trigger.c(326): warning C4100: 'other' : unreferenced formal parameter
     1>g_trigger.c(394): warning C4100: 'surf' : unreferenced formal parameter
     1>g_trigger.c(394): warning C4100: 'plane' : unreferenced formal parameter
     1>g_trigger.c(455): warning C4100: 'activator' : unreferenced formal parameter
     1>g_trigger.c(455): warning C4100: 'other' : unreferenced formal parameter
     1>g_trigger.c(468): warning C4100: 'surf' : unreferenced formal parameter
     1>g_trigger.c(468): warning C4100: 'plane' : unreferenced formal parameter
     1>g_trigger.c(532): warning C4100: 'surf' : unreferenced formal parameter
     1>g_trigger.c(532): warning C4100: 'plane' : unreferenced formal parameter
     1>g_trigger.c(566): warning C4100: 'surf' : unreferenced formal parameter
     1>g_trigger.c(566): warning C4100: 'plane' : unreferenced formal parameter
         g_turret.c
     1>g_turret.c(278): warning C4100: 'point' : unreferenced formal parameter
         g_utils.c
     1>g_utils.c(130): warning C4127: conditional expression is constant
     1>g_utils.c(396): warning C4996: 'strcpy': This function or variable may be unsafe. Consider using strcpy_s instead. To disable deprecation, use _CRT_SECURE_NO_WARNINGS. See online help for details.
     1>g_utils.c(553): warning C4127: conditional expression is constant
         g_weapon.c
     1>g_weapon.c(455): warning C4100: 'plane' : unreferenced formal parameter
     1>g_weapon.c(845): warning C4127: conditional expression is constant
         m_actor.c
     1>m_actor.c(230): warning C4100: 'damage' : unreferenced formal parameter
     1>m_actor.c(230): warning C4100: 'kick' : unreferenced formal parameter
     1>m_actor.c(339): warning C4100: 'point' : unreferenced formal parameter
     1>m_actor.c(339): warning C4100: 'attacker' : unreferenced formal parameter
     1>m_actor.c(339): warning C4100: 'inflictor' : unreferenced formal parameter
     1>m_actor.c(401): warning C4100: 'activator' : unreferenced formal parameter
     1>m_actor.c(401): warning C4100: 'other' : unreferenced formal parameter
     1>m_actor.c(496): warning C4100: 'surf' : unreferenced formal parameter
     1>m_actor.c(496): warning C4100: 'plane' : unreferenced formal parameter
         Generating Code...
     1>c:\users\tom\desktop\code\quake2-project\game\g_utils.c(215): warning C4706: assignment within conditional expression
     1>c:\users\tom\desktop\code\quake2-project\game\g_utils.c(232): warning C4706: assignment within conditional expression
     1>c:\users\tom\desktop\code\quake2-project\game\g_possessed.c(83): warning C4715: 'find_host_move' : not all control paths return a value
     1>c:\users\tom\desktop\code\quake2-project\game\g_possessed.c(149): warning C4701: potentially uninitialized local variable 'slow' used
     1>c:\users\tom\desktop\code\quake2-project\game\g_func.c(859): warning C4706: assignment within conditional expression
     1>c:\users\tom\desktop\code\quake2-project\game\g_combat.c(250): warning C4701: potentially uninitialized local variable 'index' used
     1>c:\users\tom\desktop\code\quake2-project\game\g_combat.c(210): warning C4701: potentially uninitialized local variable 'power' used
     1>c:\users\tom\desktop\code\quake2-project\game\g_cmds.c(1213): warning C4701: potentially uninitialized local variable 'oldRank' used
         Compiling...
         m_berserk.c
     1>m_berserk.c(39): warning C4100: 'other' : unreferenced formal parameter
     1>m_berserk.c(222): warning C4100: 'self' : unreferenced formal parameter
     1>m_berserk.c(315): warning C4100: 'kick' : unreferenced formal parameter
     1>m_berserk.c(315): warning C4100: 'other' : unreferenced formal parameter
     1>m_berserk.c(381): warning C4100: 'point' : unreferenced formal parameter
     1>m_berserk.c(381): warning C4100: 'attacker' : unreferenced formal parameter
     1>m_berserk.c(381): warning C4100: 'inflictor' : unreferenced formal parameter
         m_boss2.c
     1>m_boss2.c(470): warning C4100: 'kick' : unreferenced formal parameter
     1>m_boss2.c(470): warning C4100: 'other' : unreferenced formal parameter
     1>m_boss2.c(507): warning C4100: 'point' : unreferenced formal parameter
     1>m_boss2.c(507): warning C4100: 'damage' : unreferenced formal parameter
     1>m_boss2.c(507): warning C4100: 'attacker' : unreferenced formal parameter
     1>m_boss2.c(507): warning C4100: 'inflictor' : unreferenced formal parameter
         m_boss3.c
     1>m_boss3.c(31): warning C4100: 'activator' : unreferenced formal parameter
     1>m_boss3.c(31): warning C4100: 'other' : unreferenced formal parameter
         m_boss31.c
     1>m_boss31.c(31): warning C4431: missing type specifier - int assumed. Note: C no longer supports default-int
     1>m_boss31.c(416): warning C4100: 'kick' : unreferenced formal parameter
     1>m_boss31.c(416): warning C4100: 'other' : unreferenced formal parameter
     1>m_boss31.c(560): warning C4100: 'self' : unreferenced formal parameter
     1>m_boss31.c(589): warning C4100: 'point' : unreferenced formal parameter
     1>m_boss31.c(589): warning C4100: 'damage' : unreferenced formal parameter
     1>m_boss31.c(589): warning C4100: 'attacker' : unreferenced formal parameter
     1>m_boss31.c(589): warning C4100: 'inflictor' : unreferenced formal parameter
         m_boss32.c
     1>m_boss32.c(555): warning C4100: 'kick' : unreferenced formal parameter
     1>m_boss32.c(555): warning C4100: 'other' : unreferenced formal parameter
     1>m_boss32.c(601): warning C4100: 'other' : unreferenced formal parameter
     1>m_boss32.c(673): warning C4100: 'point' : unreferenced formal parameter
     1>m_boss32.c(673): warning C4100: 'attacker' : unreferenced formal parameter
     1>m_boss32.c(673): warning C4100: 'inflictor' : unreferenced formal parameter
         m_brain.c
     1>m_brain.c(48): warning C4100: 'other' : unreferenced formal parameter
     1>m_brain.c(542): warning C4100: 'damage' : unreferenced formal parameter
     1>m_brain.c(542): warning C4100: 'kick' : unreferenced formal parameter
     1>m_brain.c(542): warning C4100: 'other' : unreferenced formal parameter
     1>m_brain.c(586): warning C4100: 'point' : unreferenced formal parameter
     1>m_brain.c(586): warning C4100: 'attacker' : unreferenced formal parameter
     1>m_brain.c(586): warning C4100: 'inflictor' : unreferenced formal parameter
         m_chick.c
     1>m_chick.c(266): warning C4100: 'kick' : unreferenced formal parameter
     1>m_chick.c(266): warning C4100: 'other' : unreferenced formal parameter
     1>m_chick.c(353): warning C4100: 'point' : unreferenced formal parameter
     1>m_chick.c(353): warning C4100: 'attacker' : unreferenced formal parameter
     1>m_chick.c(353): warning C4100: 'inflictor' : unreferenced formal parameter
     1>m_chick.c(430): warning C4100: 'eta' : unreferenced formal parameter
     1>m_chick.c(619): warning C4100: 'other' : unreferenced formal parameter
         m_flipper.c
     1>m_flipper.c(223): warning C4100: 'damage' : unreferenced formal parameter
     1>m_flipper.c(223): warning C4100: 'kick' : unreferenced formal parameter
     1>m_flipper.c(223): warning C4100: 'other' : unreferenced formal parameter
     1>m_flipper.c(327): warning C4100: 'other' : unreferenced formal parameter
     1>m_flipper.c(332): warning C4100: 'point' : unreferenced formal parameter
     1>m_flipper.c(332): warning C4100: 'attacker' : unreferenced formal parameter
     1>m_flipper.c(332): warning C4100: 'inflictor' : unreferenced formal parameter
         m_float.c
     1>m_float.c(41): warning C4100: 'other' : unreferenced formal parameter
     1>m_float.c(566): warning C4100: 'damage' : unreferenced formal parameter
     1>m_float.c(566): warning C4100: 'kick' : unreferenced formal parameter
     1>m_float.c(566): warning C4100: 'other' : unreferenced formal parameter
     1>m_float.c(603): warning C4100: 'point' : unreferenced formal parameter
     1>m_float.c(603): warning C4100: 'damage' : unreferenced formal parameter
     1>m_float.c(603): warning C4100: 'attacker' : unreferenced formal parameter
     1>m_float.c(603): warning C4100: 'inflictor' : unreferenced formal parameter
         m_flyer.c
     1>m_flyer.c(52): warning C4100: 'other' : unreferenced formal parameter
     1>m_flyer.c(531): warning C4100: 'damage' : unreferenced formal parameter
     1>m_flyer.c(531): warning C4100: 'kick' : unreferenced formal parameter
     1>m_flyer.c(531): warning C4100: 'other' : unreferenced formal parameter
     1>m_flyer.c(564): warning C4100: 'point' : unreferenced formal parameter
     1>m_flyer.c(564): warning C4100: 'damage' : unreferenced formal parameter
     1>m_flyer.c(564): warning C4100: 'attacker' : unreferenced formal parameter
     1>m_flyer.c(564): warning C4100: 'inflictor' : unreferenced formal parameter
         m_gladiator.c
     1>m_gladiator.c(49): warning C4100: 'other' : unreferenced formal parameter
     1>m_gladiator.c(240): warning C4100: 'damage' : unreferenced formal parameter
     1>m_gladiator.c(240): warning C4100: 'kick' : unreferenced formal parameter
     1>m_gladiator.c(240): warning C4100: 'other' : unreferenced formal parameter
     1>m_gladiator.c(308): warning C4100: 'point' : unreferenced formal parameter
     1>m_gladiator.c(308): warning C4100: 'attacker' : unreferenced formal parameter
     1>m_gladiator.c(308): warning C4100: 'inflictor' : unreferenced formal parameter
         m_gunner.c
     1>m_gunner.c(46): warning C4100: 'other' : unreferenced formal parameter
     1>m_gunner.c(283): warning C4100: 'kick' : unreferenced formal parameter
     1>m_gunner.c(283): warning C4100: 'other' : unreferenced formal parameter
     1>m_gunner.c(335): warning C4100: 'point' : unreferenced formal parameter
     1>m_gunner.c(335): warning C4100: 'attacker' : unreferenced formal parameter
     1>m_gunner.c(335): warning C4100: 'inflictor' : unreferenced formal parameter
     1>m_gunner.c(409): warning C4100: 'eta' : unreferenced formal parameter
         m_hover.c
     1>m_hover.c(43): warning C4100: 'other' : unreferenced formal parameter
     1>m_hover.c(487): warning C4100: 'kick' : unreferenced formal parameter
     1>m_hover.c(487): warning C4100: 'other' : unreferenced formal parameter
     1>m_hover.c(541): warning C4100: 'point' : unreferenced formal parameter
     1>m_hover.c(541): warning C4100: 'attacker' : unreferenced formal parameter
     1>m_hover.c(541): warning C4100: 'inflictor' : unreferenced formal parameter
         m_infantry.c
     1>m_infantry.c(215): warning C4100: 'damage' : unreferenced formal parameter
     1>m_infantry.c(215): warning C4100: 'kick' : unreferenced formal parameter
     1>m_infantry.c(215): warning C4100: 'other' : unreferenced formal parameter
     1>m_infantry.c(299): warning C4100: 'other' : unreferenced formal parameter
     1>m_infantry.c(386): warning C4100: 'point' : unreferenced formal parameter
     1>m_infantry.c(386): warning C4100: 'attacker' : unreferenced formal parameter
     1>m_infantry.c(386): warning C4100: 'inflictor' : unreferenced formal parameter
     1>m_infantry.c(466): warning C4100: 'eta' : unreferenced formal parameter
         m_insane.c
     1>m_insane.c(477): warning C4100: 'damage' : unreferenced formal parameter
     1>m_insane.c(477): warning C4100: 'kick' : unreferenced formal parameter
     1>m_insane.c(477): warning C4100: 'other' : unreferenced formal parameter
     1>m_insane.c(581): warning C4100: 'point' : unreferenced formal parameter
     1>m_insane.c(581): warning C4100: 'attacker' : unreferenced formal parameter
     1>m_insane.c(581): warning C4100: 'inflictor' : unreferenced formal parameter
         m_medic.c
     1>m_medic.c(116): warning C4100: 'other' : unreferenced formal parameter
     1>m_medic.c(317): warning C4100: 'damage' : unreferenced formal parameter
     1>m_medic.c(317): warning C4100: 'kick' : unreferenced formal parameter
     1>m_medic.c(317): warning C4100: 'other' : unreferenced formal parameter
     1>m_medic.c(413): warning C4100: 'point' : unreferenced formal parameter
     1>m_medic.c(413): warning C4100: 'attacker' : unreferenced formal parameter
     1>m_medic.c(413): warning C4100: 'inflictor' : unreferenced formal parameter
     1>m_medic.c(494): warning C4100: 'eta' : unreferenced formal parameter
         m_move.c
         m_mutant.c
     1>m_mutant.c(62): warning C4100: 'other' : unreferenced formal parameter
     1>m_mutant.c(308): warning C4100: 'surf' : unreferenced formal parameter
     1>m_mutant.c(308): warning C4100: 'plane' : unreferenced formal parameter
     1>m_mutant.c(496): warning C4100: 'damage' : unreferenced formal parameter
     1>m_mutant.c(496): warning C4100: 'kick' : unreferenced formal parameter
     1>m_mutant.c(496): warning C4100: 'other' : unreferenced formal parameter
     1>m_mutant.c(574): warning C4100: 'point' : unreferenced formal parameter
     1>m_mutant.c(574): warning C4100: 'attacker' : unreferenced formal parameter
     1>m_mutant.c(574): warning C4100: 'inflictor' : unreferenced formal parameter
         m_parasite.c
     1>m_parasite.c(65): warning C4100: 'other' : unreferenced formal parameter
     1>m_parasite.c(275): warning C4100: 'damage' : unreferenced formal parameter
     1>m_parasite.c(275): warning C4100: 'kick' : unreferenced formal parameter
     1>m_parasite.c(275): warning C4100: 'other' : unreferenced formal parameter
     1>m_parasite.c(471): warning C4100: 'point' : unreferenced formal parameter
     1>m_parasite.c(471): warning C4100: 'attacker' : unreferenced formal parameter
     1>m_parasite.c(471): warning C4100: 'inflictor' : unreferenced formal parameter
         m_soldier.c
     1>m_soldier.c(413): warning C4100: 'damage' : unreferenced formal parameter
     1>m_soldier.c(413): warning C4100: 'kick' : unreferenced formal parameter
     1>m_soldier.c(413): warning C4100: 'other' : unreferenced formal parameter
     1>m_soldier.c(854): warning C4100: 'other' : unreferenced formal parameter
     1>m_soldier.c(1206): warning C4100: 'attacker' : unreferenced formal parameter
     1>m_soldier.c(1206): warning C4100: 'inflictor' : unreferenced formal parameter
         Generating Code...
         Compiling...
         m_supertank.c
     1>m_supertank.c(452): warning C4100: 'kick' : unreferenced formal parameter
     1>m_supertank.c(452): warning C4100: 'other' : unreferenced formal parameter
     1>m_supertank.c(657): warning C4100: 'point' : unreferenced formal parameter
     1>m_supertank.c(657): warning C4100: 'damage' : unreferenced formal parameter
     1>m_supertank.c(657): warning C4100: 'attacker' : unreferenced formal parameter
     1>m_supertank.c(657): warning C4100: 'inflictor' : unreferenced formal parameter
         m_tank.c
     1>m_tank.c(49): warning C4100: 'other' : unreferenced formal parameter
     1>m_tank.c(288): warning C4100: 'kick' : unreferenced formal parameter
     1>m_tank.c(288): warning C4100: 'other' : unreferenced formal parameter
     1>m_tank.c(753): warning C4100: 'point' : unreferenced formal parameter
     1>m_tank.c(753): warning C4100: 'attacker' : unreferenced formal parameter
     1>m_tank.c(753): warning C4100: 'inflictor' : unreferenced formal parameter
         p_client.c
     1>p_client.c(46): warning C4127: conditional expression is constant
     1>p_client.c(70): warning C4100: 'self' : unreferenced formal parameter
     1>p_client.c(178): warning C4100: 'damage' : unreferenced formal parameter
     1>p_client.c(178): warning C4100: 'kick' : unreferenced formal parameter
     1>p_client.c(178): warning C4100: 'other' : unreferenced formal parameter
     1>p_client.c(178): warning C4100: 'self' : unreferenced formal parameter
     1>p_client.c(210): warning C4100: 'inflictor' : unreferenced formal parameter
     1>p_client.c(500): warning C4100: 'point' : unreferenced formal parameter
     1>p_client.c(866): warning C4127: conditional expression is constant
     1>p_client.c(951): warning C4100: 'point' : unreferenced formal parameter
     1>p_client.c(951): warning C4100: 'attacker' : unreferenced formal parameter
     1>p_client.c(951): warning C4100: 'inflictor' : unreferenced formal parameter
     1>p_client.c(1218): warning C4113: 'void (__cdecl *)(edict_t *,edict_t *,cplane_t *,csurface_t *)' differs in parameter lists from 'void (__cdecl *)(edict_t *,edict_t *)'
     1>p_client.c(1417): warning C4996: 'strcpy': This function or variable may be unsafe. Consider using strcpy_s instead. To disable deprecation, use _CRT_SECURE_NO_WARNINGS. See online help for details.
     1>p_client.c(1422): warning C4996: 'strncpy': This function or variable may be unsafe. Consider using strncpy_s instead. To disable deprecation, use _CRT_SECURE_NO_WARNINGS. See online help for details.
                 c:\Program Files (x86)\Microsoft Visual Studio 10.0\VC\include\string.h(188) : see declaration of 'strncpy'
     1>p_client.c(1462): warning C4996: 'strncpy': This function or variable may be unsafe. Consider using strncpy_s instead. To disable deprecation, use _CRT_SECURE_NO_WARNINGS. See online help for details.
                 c:\Program Files (x86)\Microsoft Visual Studio 10.0\VC\include\string.h(188) : see declaration of 'strncpy'
     1>p_client.c(1617): warning C4101: 'targ' : unreferenced local variable
     1>p_client.c(1812): warning C4100: 'surf' : unreferenced formal parameter
     1>p_client.c(1812): warning C4100: 'plane' : unreferenced formal parameter
         p_hud.c
     1>p_hud.c(234): warning C4996: 'strcpy': This function or variable may be unsafe. Consider using strcpy_s instead. To disable deprecation, use _CRT_SECURE_NO_WARNINGS. See online help for details.
     1>p_hud.c(245): warning C4996: 'strcpy': This function or variable may be unsafe. Consider using strcpy_s instead. To disable deprecation, use _CRT_SECURE_NO_WARNINGS. See online help for details.
     1>p_hud.c(626): warning C4996: 'strcat': This function or variable may be unsafe. Consider using strcat_s instead. To disable deprecation, use _CRT_SECURE_NO_WARNINGS. See online help for details.
     1>p_hud.c(627): warning C4996: 'strcat': This function or variable may be unsafe. Consider using strcat_s instead. To disable deprecation, use _CRT_SECURE_NO_WARNINGS. See online help for details.
     1>p_hud.c(628): warning C4996: 'strcat': This function or variable may be unsafe. Consider using strcat_s instead. To disable deprecation, use _CRT_SECURE_NO_WARNINGS. See online help for details.
     1>p_hud.c(629): warning C4996: 'strcat': This function or variable may be unsafe. Consider using strcat_s instead. To disable deprecation, use _CRT_SECURE_NO_WARNINGS. See online help for details.
     1>p_hud.c(650): warning C4996: 'strcat': This function or variable may be unsafe. Consider using strcat_s instead. To disable deprecation, use _CRT_SECURE_NO_WARNINGS. See online help for details.
     1>p_hud.c(653): warning C4996: 'strcat': This function or variable may be unsafe. Consider using strcat_s instead. To disable deprecation, use _CRT_SECURE_NO_WARNINGS. See online help for details.
     1>p_hud.c(658): warning C4996: 'strcat': This function or variable may be unsafe. Consider using strcat_s instead. To disable deprecation, use _CRT_SECURE_NO_WARNINGS. See online help for details.
     1>p_hud.c(663): warning C4996: 'strncpy': This function or variable may be unsafe. Consider using strncpy_s instead. To disable deprecation, use _CRT_SECURE_NO_WARNINGS. See online help for details.
                 c:\Program Files (x86)\Microsoft Visual Studio 10.0\VC\include\string.h(188) : see declaration of 'strncpy'
     1>p_hud.c(665): warning C4996: 'strcat': This function or variable may be unsafe. Consider using strcat_s instead. To disable deprecation, use _CRT_SECURE_NO_WARNINGS. See online help for details.
     1>p_hud.c(666): warning C4996: 'strcat': This function or variable may be unsafe. Consider using strcat_s instead. To disable deprecation, use _CRT_SECURE_NO_WARNINGS. See online help for details.
     1>p_hud.c(667): warning C4996: 'strcat': This function or variable may be unsafe. Consider using strcat_s instead. To disable deprecation, use _CRT_SECURE_NO_WARNINGS. See online help for details.
     1>p_hud.c(668): warning C4996: 'strcat': This function or variable may be unsafe. Consider using strcat_s instead. To disable deprecation, use _CRT_SECURE_NO_WARNINGS. See online help for details.
     1>p_hud.c(669): warning C4996: 'strcat': This function or variable may be unsafe. Consider using strcat_s instead. To disable deprecation, use _CRT_SECURE_NO_WARNINGS. See online help for details.
     1>p_hud.c(670): warning C4996: 'strcat': This function or variable may be unsafe. Consider using strcat_s instead. To disable deprecation, use _CRT_SECURE_NO_WARNINGS. See online help for details.
     1>p_hud.c(671): warning C4996: 'strcat': This function or variable may be unsafe. Consider using strcat_s instead. To disable deprecation, use _CRT_SECURE_NO_WARNINGS. See online help for details.
     1>p_hud.c(672): warning C4996: 'strcat': This function or variable may be unsafe. Consider using strcat_s instead. To disable deprecation, use _CRT_SECURE_NO_WARNINGS. See online help for details.
     1>p_hud.c(673): warning C4996: 'strcat': This function or variable may be unsafe. Consider using strcat_s instead. To disable deprecation, use _CRT_SECURE_NO_WARNINGS. See online help for details.
     1>p_hud.c(674): warning C4996: 'strcat': This function or variable may be unsafe. Consider using strcat_s instead. To disable deprecation, use _CRT_SECURE_NO_WARNINGS. See online help for details.
     1>p_hud.c(749): warning C4996: 'strcat': This function or variable may be unsafe. Consider using strcat_s instead. To disable deprecation, use _CRT_SECURE_NO_WARNINGS. See online help for details.
     1>p_hud.c(751): warning C4996: 'strcat': This function or variable may be unsafe. Consider using strcat_s instead. To disable deprecation, use _CRT_SECURE_NO_WARNINGS. See online help for details.
     1>p_hud.c(752): warning C4996: 'strcat': This function or variable may be unsafe. Consider using strcat_s instead. To disable deprecation, use _CRT_SECURE_NO_WARNINGS. See online help for details.
     1>p_hud.c(754): warning C4996: 'strcat': This function or variable may be unsafe. Consider using strcat_s instead. To disable deprecation, use _CRT_SECURE_NO_WARNINGS. See online help for details.
     1>p_hud.c(755): warning C4996: 'strcat': This function or variable may be unsafe. Consider using strcat_s instead. To disable deprecation, use _CRT_SECURE_NO_WARNINGS. See online help for details.
     1>p_hud.c(756): warning C4996: 'strcat': This function or variable may be unsafe. Consider using strcat_s instead. To disable deprecation, use _CRT_SECURE_NO_WARNINGS. See online help for details.
     1>p_hud.c(758): warning C4996: 'strcat': This function or variable may be unsafe. Consider using strcat_s instead. To disable deprecation, use _CRT_SECURE_NO_WARNINGS. See online help for details.
     1>p_hud.c(759): warning C4996: 'strcat': This function or variable may be unsafe. Consider using strcat_s instead. To disable deprecation, use _CRT_SECURE_NO_WARNINGS. See online help for details.
     1>p_hud.c(760): warning C4996: 'strcat': This function or variable may be unsafe. Consider using strcat_s instead. To disable deprecation, use _CRT_SECURE_NO_WARNINGS. See online help for details.
     1>p_hud.c(761): warning C4996: 'strcat': This function or variable may be unsafe. Consider using strcat_s instead. To disable deprecation, use _CRT_SECURE_NO_WARNINGS. See online help for details.
     1>p_hud.c(762): warning C4996: 'strcat': This function or variable may be unsafe. Consider using strcat_s instead. To disable deprecation, use _CRT_SECURE_NO_WARNINGS. See online help for details.
     1>p_hud.c(766): warning C4996: 'strcat': This function or variable may be unsafe. Consider using strcat_s instead. To disable deprecation, use _CRT_SECURE_NO_WARNINGS. See online help for details.
     1>p_hud.c(767): warning C4996: 'strcat': This function or variable may be unsafe. Consider using strcat_s instead. To disable deprecation, use _CRT_SECURE_NO_WARNINGS. See online help for details.
     1>p_hud.c(768): warning C4996: 'strcat': This function or variable may be unsafe. Consider using strcat_s instead. To disable deprecation, use _CRT_SECURE_NO_WARNINGS. See online help for details.
     1>p_hud.c(769): warning C4996: 'strcat': This function or variable may be unsafe. Consider using strcat_s instead. To disable deprecation, use _CRT_SECURE_NO_WARNINGS. See online help for details.
     1>p_hud.c(770): warning C4996: 'strcat': This function or variable may be unsafe. Consider using strcat_s instead. To disable deprecation, use _CRT_SECURE_NO_WARNINGS. See online help for details.
     1>p_hud.c(771): warning C4996: 'strcat': This function or variable may be unsafe. Consider using strcat_s instead. To disable deprecation, use _CRT_SECURE_NO_WARNINGS. See online help for details.
     1>p_hud.c(772): warning C4996: 'strcat': This function or variable may be unsafe. Consider using strcat_s instead. To disable deprecation, use _CRT_SECURE_NO_WARNINGS. See online help for details.
     1>p_hud.c(773): warning C4996: 'strcat': This function or variable may be unsafe. Consider using strcat_s instead. To disable deprecation, use _CRT_SECURE_NO_WARNINGS. See online help for details.
     1>p_hud.c(774): warning C4996: 'strcat': This function or variable may be unsafe. Consider using strcat_s instead. To disable deprecation, use _CRT_SECURE_NO_WARNINGS. See online help for details.
     1>p_hud.c(775): warning C4996: 'strcat': This function or variable may be unsafe. Consider using strcat_s instead. To disable deprecation, use _CRT_SECURE_NO_WARNINGS. See online help for details.
     1>p_hud.c(776): warning C4996: 'strcat': This function or variable may be unsafe. Consider using strcat_s instead. To disable deprecation, use _CRT_SECURE_NO_WARNINGS. See online help for details.
     1>p_hud.c(777): warning C4996: 'strcat': This function or variable may be unsafe. Consider using strcat_s instead. To disable deprecation, use _CRT_SECURE_NO_WARNINGS. See online help for details.
     1>p_hud.c(778): warning C4996: 'strcat': This function or variable may be unsafe. Consider using strcat_s instead. To disable deprecation, use _CRT_SECURE_NO_WARNINGS. See online help for details.
     1>p_hud.c(784): warning C4996: 'strcat': This function or variable may be unsafe. Consider using strcat_s instead. To disable deprecation, use _CRT_SECURE_NO_WARNINGS. See online help for details.
     1>p_hud.c(786): warning C4996: 'strcat': This function or variable may be unsafe. Consider using strcat_s instead. To disable deprecation, use _CRT_SECURE_NO_WARNINGS. See online help for details.
     1>p_hud.c(787): warning C4996: 'strcat': This function or variable may be unsafe. Consider using strcat_s instead. To disable deprecation, use _CRT_SECURE_NO_WARNINGS. See online help for details.
     1>p_hud.c(788): warning C4996: 'strcat': This function or variable may be unsafe. Consider using strcat_s instead. To disable deprecation, use _CRT_SECURE_NO_WARNINGS. See online help for details.
     1>p_hud.c(789): warning C4996: 'strcat': This function or variable may be unsafe. Consider using strcat_s instead. To disable deprecation, use _CRT_SECURE_NO_WARNINGS. See online help for details.
     1>p_hud.c(790): warning C4996: 'strcat': This function or variable may be unsafe. Consider using strcat_s instead. To disable deprecation, use _CRT_SECURE_NO_WARNINGS. See online help for details.
     1>p_hud.c(791): warning C4996: 'strcat': This function or variable may be unsafe. Consider using strcat_s instead. To disable deprecation, use _CRT_SECURE_NO_WARNINGS. See online help for details.
     1>p_hud.c(793): warning C4996: 'strcat': This function or variable may be unsafe. Consider using strcat_s instead. To disable deprecation, use _CRT_SECURE_NO_WARNINGS. See online help for details.
     1>p_hud.c(794): warning C4996: 'strcat': This function or variable may be unsafe. Consider using strcat_s instead. To disable deprecation, use _CRT_SECURE_NO_WARNINGS. See online help for details.
     1>p_hud.c(795): warning C4996: 'strcat': This function or variable may be unsafe. Consider using strcat_s instead. To disable deprecation, use _CRT_SECURE_NO_WARNINGS. See online help for details.
     1>p_hud.c(796): warning C4996: 'strcat': This function or variable may be unsafe. Consider using strcat_s instead. To disable deprecation, use _CRT_SECURE_NO_WARNINGS. See online help for details.
     1>p_hud.c(797): warning C4996: 'strcat': This function or variable may be unsafe. Consider using strcat_s instead. To disable deprecation, use _CRT_SECURE_NO_WARNINGS. See online help for details.
     1>p_hud.c(798): warning C4996: 'strcat': This function or variable may be unsafe. Consider using strcat_s instead. To disable deprecation, use _CRT_SECURE_NO_WARNINGS. See online help for details.
     1>p_hud.c(799): warning C4996: 'strcat': This function or variable may be unsafe. Consider using strcat_s instead. To disable deprecation, use _CRT_SECURE_NO_WARNINGS. See online help for details.
     1>p_hud.c(800): warning C4996: 'strcat': This function or variable may be unsafe. Consider using strcat_s instead. To disable deprecation, use _CRT_SECURE_NO_WARNINGS. See online help for details.
     1>p_hud.c(801): warning C4996: 'strcat': This function or variable may be unsafe. Consider using strcat_s instead. To disable deprecation, use _CRT_SECURE_NO_WARNINGS. See online help for details.
     1>p_hud.c(805): warning C4996: 'strcat': This function or variable may be unsafe. Consider using strcat_s instead. To disable deprecation, use _CRT_SECURE_NO_WARNINGS. See online help for details.
     1>p_hud.c(806): warning C4996: 'strcat': This function or variable may be unsafe. Consider using strcat_s instead. To disable deprecation, use _CRT_SECURE_NO_WARNINGS. See online help for details.
     1>p_hud.c(807): warning C4996: 'strcat': This function or variable may be unsafe. Consider using strcat_s instead. To disable deprecation, use _CRT_SECURE_NO_WARNINGS. See online help for details.
     1>p_hud.c(808): warning C4996: 'strcat': This function or variable may be unsafe. Consider using strcat_s instead. To disable deprecation, use _CRT_SECURE_NO_WARNINGS. See online help for details.
         p_trail.c
         p_view.c
     1>p_view.c(42): warning C4100: 'angles' : unreferenced formal parameter
     1>p_view.c(971): warning C4101: 'view_origin' : unreferenced local variable
         p_weapon.c
         Generating Code...
     1>c:\users\tom\desktop\code\quake2-project\game\p_hud.c(427): warning C4701: potentially uninitialized local variable 'cells' used
     1>C:\Program Files (x86)\MSBuild\Microsoft.Cpp\v4.0\Microsoft.CppBuild.targets(990,5): warning MSB8012: TargetPath(C:\Users\Tom\Desktop\code\Quake2-Project\game\.\..\release\game.dll) does not match the Linker's OutputFile property value (C:\Users\Tom\Desktop\code\Quake2-Project\release\gamex86.dll). This may cause your project to build incorrectly. To correct this, please make sure that $(OutDir), $(TargetName) and $(TargetExt) property values match the value specified in %(Link.OutputFile).
     1>C:\Program Files (x86)\MSBuild\Microsoft.Cpp\v4.0\Microsoft.CppBuild.targets(992,5): warning MSB8012: TargetName(game) does not match the Linker's OutputFile property value (gamex86). This may cause your project to build incorrectly. To correct this, please make sure that $(OutDir), $(TargetName) and $(TargetExt) property values match the value specified in %(Link.OutputFile).
       Link:
         c:\Program Files (x86)\Microsoft Visual Studio 10.0\VC\bin\link.exe /ERRORREPORT:PROMPT /OUT:"..\release\gamex86.dll" /INCREMENTAL:NO /NOLOGO winmm.lib kernel32.lib user32.lib gdi32.lib winspool.lib comdlg32.lib advapi32.lib shell32.lib ole32.lib oleaut32.lib uuid.lib odbc32.lib odbccp32.lib /DEF:".\game.def" /MANIFEST /ManifestFile:".\release\game.dll.intermediate.manifest" /MANIFESTUAC:"level='asInvoker' uiAccess='false'" /PDB:"C:\Users\Tom\Desktop\code\Quake2-Project\release\game.pdb" /SUBSYSTEM:WINDOWS /TLBID:1 /BASE:"0x20000000" /DYNAMICBASE /NXCOMPAT /IMPLIB:".\..\release\gamex86.lib" /MACHINE:X86 /DLL .\release\g_ai.obj
         .\release\g_chase.obj
         .\release\g_cmds.obj
         .\release\g_combat.obj
         .\release\g_func.obj
         .\release\g_items.obj
         .\release\g_main.obj
         .\release\g_misc.obj
         .\release\g_monster.obj
         .\release\g_phys.obj
         .\release\g_possessed.obj
         .\release\g_save.obj
         .\release\g_spawn.obj
         .\release\g_svcmds.obj
         .\release\g_target.obj
         .\release\g_trigger.obj
         .\release\g_turret.obj
         .\release\g_utils.obj
         .\release\g_weapon.obj
         .\release\m_actor.obj
         .\release\m_berserk.obj
         .\release\m_boss2.obj
         .\release\m_boss3.obj
         .\release\m_boss31.obj
         .\release\m_boss32.obj
         .\release\m_brain.obj
         .\release\m_chick.obj
         .\release\m_flash.obj
         .\release\m_flipper.obj
         .\release\m_float.obj
         .\release\m_flyer.obj
         .\release\m_gladiator.obj
         .\release\m_gunner.obj
         .\release\m_hover.obj
         .\release\m_infantry.obj
         .\release\m_insane.obj
         .\release\m_medic.obj
         .\release\m_move.obj
         .\release\m_mutant.obj
         .\release\m_parasite.obj
         .\release\m_soldier.obj
         .\release\m_supertank.obj
         .\release\m_tank.obj
         .\release\p_client.obj
         .\release\p_hud.obj
         .\release\p_trail.obj
         .\release\p_view.obj
         .\release\p_weapon.obj
         .\release\q_shared.obj
            Creating library .\..\release\gamex86.lib and object .\..\release\gamex86.exp
         game.vcxproj -> C:\Users\Tom\Desktop\code\Quake2-Project\game\.\..\release\game.dll
       Manifest:
         c:\Program Files (x86)\Microsoft SDKs\Windows\v7.0A\bin\mt.exe /nologo /verbose /outputresource:"..\release\gamex86.dll;#2" /manifest .\release\game.dll.intermediate.manifest
       FinalizeBuildStatus:
         Deleting file ".\release\game.unsuccessfulbuild".
         Touching ".\release\game.lastbuildstate".
     1>Done Building Project "C:\Users\Tom\Desktop\code\Quake2-Project\game\game.vcxproj" (build target(s)).

Build succeeded.

Time Elapsed 00:00:03.01
