C:\USERS\TOM\DESKTOP\CODE\QUAKE2-GAME-MOD-FINAL-PROJECT\RELEASE\CD_WIN.OBJ
C:\USERS\TOM\DESKTOP\CODE\QUAKE2-GAME-MOD-FINAL-PROJECT\RELEASE\CL_CIN.OBJ
C:\USERS\TOM\DESKTOP\CODE\QUAKE2-GAME-MOD-FINAL-PROJECT\RELEASE\CL_ENTS.OBJ
C:\USERS\TOM\DESKTOP\CODE\QUAKE2-GAME-MOD-FINAL-PROJECT\RELEASE\CL_FX.OBJ
C:\USERS\TOM\DESKTOP\CODE\QUAKE2-GAME-MOD-FINAL-PROJECT\RELEASE\CL_INPUT.OBJ
C:\USERS\TOM\DESKTOP\CODE\QUAKE2-GAME-MOD-FINAL-PROJECT\RELEASE\CL_INV.OBJ
C:\USERS\TOM\DESKTOP\CODE\QUAKE2-GAME-MOD-FINAL-PROJECT\RELEASE\CL_MAIN.OBJ
C:\USERS\TOM\DESKTOP\CODE\QUAKE2-GAME-MOD-FINAL-PROJECT\RELEASE\CL_NEWFX.OBJ
C:\USERS\TOM\DESKTOP\CODE\QUAKE2-GAME-MOD-FINAL-PROJECT\RELEASE\CL_PARSE.OBJ
C:\USERS\TOM\DESKTOP\CODE\QUAKE2-GAME-MOD-FINAL-PROJECT\RELEASE\CL_PRED.OBJ
C:\USERS\TOM\DESKTOP\CODE\QUAKE2-GAME-MOD-FINAL-PROJECT\RELEASE\CL_SCRN.OBJ
C:\USERS\TOM\DESKTOP\CODE\QUAKE2-GAME-MOD-FINAL-PROJECT\RELEASE\CL_TENT.OBJ
C:\USERS\TOM\DESKTOP\CODE\QUAKE2-GAME-MOD-FINAL-PROJECT\RELEASE\CL_VIEW.OBJ
C:\USERS\TOM\DESKTOP\CODE\QUAKE2-GAME-MOD-FINAL-PROJECT\RELEASE\CMD.OBJ
C:\USERS\TOM\DESKTOP\CODE\QUAKE2-GAME-MOD-FINAL-PROJECT\RELEASE\CMODEL.OBJ
C:\USERS\TOM\DESKTOP\CODE\QUAKE2-GAME-MOD-FINAL-PROJECT\RELEASE\COMMON.OBJ
C:\USERS\TOM\DESKTOP\CODE\QUAKE2-GAME-MOD-FINAL-PROJECT\RELEASE\CONPROC.OBJ
C:\USERS\TOM\DESKTOP\CODE\QUAKE2-GAME-MOD-FINAL-PROJECT\RELEASE\CONSOLE.OBJ
C:\USERS\TOM\DESKTOP\CODE\QUAKE2-GAME-MOD-FINAL-PROJECT\RELEASE\CRC.OBJ
C:\USERS\TOM\DESKTOP\CODE\QUAKE2-GAME-MOD-FINAL-PROJECT\RELEASE\CVAR.OBJ
C:\USERS\TOM\DESKTOP\CODE\QUAKE2-GAME-MOD-FINAL-PROJECT\RELEASE\FILES.OBJ
C:\USERS\TOM\DESKTOP\CODE\QUAKE2-GAME-MOD-FINAL-PROJECT\RELEASE\IN_WIN.OBJ
C:\USERS\TOM\DESKTOP\CODE\QUAKE2-GAME-MOD-FINAL-PROJECT\RELEASE\KEYS.OBJ
C:\USERS\TOM\DESKTOP\CODE\QUAKE2-GAME-MOD-FINAL-PROJECT\RELEASE\M_FLASH.OBJ
C:\USERS\TOM\DESKTOP\CODE\QUAKE2-GAME-MOD-FINAL-PROJECT\RELEASE\MD4.OBJ
C:\USERS\TOM\DESKTOP\CODE\QUAKE2-GAME-MOD-FINAL-PROJECT\RELEASE\MENU.OBJ
C:\USERS\TOM\DESKTOP\CODE\QUAKE2-GAME-MOD-FINAL-PROJECT\RELEASE\NET_CHAN.OBJ
C:\USERS\TOM\DESKTOP\CODE\QUAKE2-GAME-MOD-FINAL-PROJECT\RELEASE\NET_WINS.OBJ
C:\USERS\TOM\DESKTOP\CODE\QUAKE2-GAME-MOD-FINAL-PROJECT\RELEASE\PMOVE.OBJ
C:\USERS\TOM\DESKTOP\CODE\QUAKE2-GAME-MOD-FINAL-PROJECT\RELEASE\Q_SHARED.OBJ
C:\USERS\TOM\DESKTOP\CODE\QUAKE2-GAME-MOD-FINAL-PROJECT\RELEASE\Q_SHWIN.OBJ
C:\USERS\TOM\DESKTOP\CODE\QUAKE2-GAME-MOD-FINAL-PROJECT\RELEASE\Q2.RES
C:\USERS\TOM\DESKTOP\CODE\QUAKE2-GAME-MOD-FINAL-PROJECT\RELEASE\QMENU.OBJ
C:\USERS\TOM\DESKTOP\CODE\QUAKE2-GAME-MOD-FINAL-PROJECT\RELEASE\QUAKE2.EXE
C:\USERS\TOM\DESKTOP\CODE\QUAKE2-GAME-MOD-FINAL-PROJECT\RELEASE\QUAKE2.EXE.INTERMEDIATE.MANIFEST
C:\USERS\TOM\DESKTOP\CODE\QUAKE2-GAME-MOD-FINAL-PROJECT\RELEASE\SND_DMA.OBJ
C:\USERS\TOM\DESKTOP\CODE\QUAKE2-GAME-MOD-FINAL-PROJECT\RELEASE\SND_MEM.OBJ
C:\USERS\TOM\DESKTOP\CODE\QUAKE2-GAME-MOD-FINAL-PROJECT\RELEASE\SND_MIX.OBJ
C:\USERS\TOM\DESKTOP\CODE\QUAKE2-GAME-MOD-FINAL-PROJECT\RELEASE\SND_WIN.OBJ
C:\USERS\TOM\DESKTOP\CODE\QUAKE2-GAME-MOD-FINAL-PROJECT\RELEASE\SV_CCMDS.OBJ
C:\USERS\TOM\DESKTOP\CODE\QUAKE2-GAME-MOD-FINAL-PROJECT\RELEASE\SV_ENTS.OBJ
C:\USERS\TOM\DESKTOP\CODE\QUAKE2-GAME-MOD-FINAL-PROJECT\RELEASE\SV_GAME.OBJ
C:\USERS\TOM\DESKTOP\CODE\QUAKE2-GAME-MOD-FINAL-PROJECT\RELEASE\SV_INIT.OBJ
C:\USERS\TOM\DESKTOP\CODE\QUAKE2-GAME-MOD-FINAL-PROJECT\RELEASE\SV_MAIN.OBJ
C:\USERS\TOM\DESKTOP\CODE\QUAKE2-GAME-MOD-FINAL-PROJECT\RELEASE\SV_SEND.OBJ
C:\USERS\TOM\DESKTOP\CODE\QUAKE2-GAME-MOD-FINAL-PROJECT\RELEASE\SV_USER.OBJ
C:\USERS\TOM\DESKTOP\CODE\QUAKE2-GAME-MOD-FINAL-PROJECT\RELEASE\SV_WORLD.OBJ
C:\USERS\TOM\DESKTOP\CODE\QUAKE2-GAME-MOD-FINAL-PROJECT\RELEASE\SYS_WIN.OBJ
C:\USERS\TOM\DESKTOP\CODE\QUAKE2-GAME-MOD-FINAL-PROJECT\RELEASE\VID_DLL.OBJ
C:\USERS\TOM\DESKTOP\CODE\QUAKE2-GAME-MOD-FINAL-PROJECT\RELEASE\VID_MENU.OBJ
C:\USERS\TOM\DESKTOP\CODE\QUAKE2-GAME-MOD-FINAL-PROJECT\RELEASE\X86.OBJ
C:\Users\Tom\Desktop\code\Quake2-Project\.\release\quake2.exe
C:\Users\Tom\Desktop\code\Quake2-Project\.\release\quake2.exe.intermediate.manifest
C:\USERS\TOM\DESKTOP\CODE\QUAKE2-PROJECT\RELEASE\CD_WIN.OBJ
C:\Users\Tom\Desktop\code\Quake2-Project\release\cl.command.1.tlog
C:\Users\Tom\Desktop\code\Quake2-Project\release\CL.read.1.tlog
C:\Users\Tom\Desktop\code\Quake2-Project\release\CL.write.1.tlog
C:\USERS\TOM\DESKTOP\CODE\QUAKE2-PROJECT\RELEASE\CL_CIN.OBJ
C:\USERS\TOM\DESKTOP\CODE\QUAKE2-PROJECT\RELEASE\CL_ENTS.OBJ
C:\USERS\TOM\DESKTOP\CODE\QUAKE2-PROJECT\RELEASE\CL_FX.OBJ
C:\USERS\TOM\DESKTOP\CODE\QUAKE2-PROJECT\RELEASE\CL_INPUT.OBJ
C:\USERS\TOM\DESKTOP\CODE\QUAKE2-PROJECT\RELEASE\CL_INV.OBJ
C:\USERS\TOM\DESKTOP\CODE\QUAKE2-PROJECT\RELEASE\CL_MAIN.OBJ
C:\USERS\TOM\DESKTOP\CODE\QUAKE2-PROJECT\RELEASE\CL_NEWFX.OBJ
C:\USERS\TOM\DESKTOP\CODE\QUAKE2-PROJECT\RELEASE\CL_PARSE.OBJ
C:\USERS\TOM\DESKTOP\CODE\QUAKE2-PROJECT\RELEASE\CL_PRED.OBJ
C:\USERS\TOM\DESKTOP\CODE\QUAKE2-PROJECT\RELEASE\CL_SCRN.OBJ
C:\USERS\TOM\DESKTOP\CODE\QUAKE2-PROJECT\RELEASE\CL_TENT.OBJ
C:\USERS\TOM\DESKTOP\CODE\QUAKE2-PROJECT\RELEASE\CL_VIEW.OBJ
C:\USERS\TOM\DESKTOP\CODE\QUAKE2-PROJECT\RELEASE\CMD.OBJ
C:\USERS\TOM\DESKTOP\CODE\QUAKE2-PROJECT\RELEASE\CMODEL.OBJ
C:\USERS\TOM\DESKTOP\CODE\QUAKE2-PROJECT\RELEASE\COMMON.OBJ
C:\USERS\TOM\DESKTOP\CODE\QUAKE2-PROJECT\RELEASE\CONPROC.OBJ
C:\USERS\TOM\DESKTOP\CODE\QUAKE2-PROJECT\RELEASE\CONSOLE.OBJ
C:\USERS\TOM\DESKTOP\CODE\QUAKE2-PROJECT\RELEASE\CRC.OBJ
C:\USERS\TOM\DESKTOP\CODE\QUAKE2-PROJECT\RELEASE\CVAR.OBJ
C:\USERS\TOM\DESKTOP\CODE\QUAKE2-PROJECT\RELEASE\FILES.OBJ
C:\Users\Tom\Desktop\code\Quake2-Project\release\gamex86.exp
C:\USERS\TOM\DESKTOP\CODE\QUAKE2-PROJECT\RELEASE\IN_WIN.OBJ
C:\USERS\TOM\DESKTOP\CODE\QUAKE2-PROJECT\RELEASE\KEYS.OBJ
C:\Users\Tom\Desktop\code\Quake2-Project\release\link.command.1.tlog
C:\Users\Tom\Desktop\code\Quake2-Project\release\link.read.1.tlog
C:\Users\Tom\Desktop\code\Quake2-Project\release\link.write.1.tlog
C:\Users\Tom\Desktop\code\Quake2-Project\release\link-cvtres.read.1.tlog
C:\Users\Tom\Desktop\code\Quake2-Project\release\link-cvtres.write.1.tlog
C:\USERS\TOM\DESKTOP\CODE\QUAKE2-PROJECT\RELEASE\M_FLASH.OBJ
C:\USERS\TOM\DESKTOP\CODE\QUAKE2-PROJECT\RELEASE\MD4.OBJ
C:\USERS\TOM\DESKTOP\CODE\QUAKE2-PROJECT\RELEASE\MENU.OBJ
C:\Users\Tom\Desktop\code\Quake2-Project\release\mt.command.1.tlog
C:\Users\Tom\Desktop\code\Quake2-Project\release\mt.read.1.tlog
C:\Users\Tom\Desktop\code\Quake2-Project\release\mt.write.1.tlog
C:\USERS\TOM\DESKTOP\CODE\QUAKE2-PROJECT\RELEASE\NET_CHAN.OBJ
C:\USERS\TOM\DESKTOP\CODE\QUAKE2-PROJECT\RELEASE\NET_WINS.OBJ
C:\USERS\TOM\DESKTOP\CODE\QUAKE2-PROJECT\RELEASE\PMOVE.OBJ
C:\USERS\TOM\DESKTOP\CODE\QUAKE2-PROJECT\RELEASE\Q_SHARED.OBJ
C:\USERS\TOM\DESKTOP\CODE\QUAKE2-PROJECT\RELEASE\Q_SHWIN.OBJ
C:\USERS\TOM\DESKTOP\CODE\QUAKE2-PROJECT\RELEASE\Q2.RES
C:\USERS\TOM\DESKTOP\CODE\QUAKE2-PROJECT\RELEASE\QMENU.OBJ
C:\USERS\TOM\DESKTOP\CODE\QUAKE2-PROJECT\RELEASE\QUAKE2.EXE
C:\USERS\TOM\DESKTOP\CODE\QUAKE2-PROJECT\RELEASE\QUAKE2.EXE.INTERMEDIATE.MANIFEST
C:\Users\Tom\Desktop\code\Quake2-Project\release\quake2.write.1.tlog
C:\Users\Tom\Desktop\code\Quake2-Project\release\r_aclipa.obj
C:\Users\Tom\Desktop\code\Quake2-Project\release\r_draw16.obj
C:\Users\Tom\Desktop\code\Quake2-Project\release\r_drawa.obj
C:\Users\Tom\Desktop\code\Quake2-Project\release\r_edgea.obj
C:\Users\Tom\Desktop\code\Quake2-Project\release\r_polysa.obj
C:\Users\Tom\Desktop\code\Quake2-Project\release\r_scana.obj
C:\Users\Tom\Desktop\code\Quake2-Project\release\r_spr8.obj
C:\Users\Tom\Desktop\code\Quake2-Project\release\r_surf8.obj
C:\Users\Tom\Desktop\code\Quake2-Project\release\r_varsa.obj
C:\Users\Tom\Desktop\code\Quake2-Project\release\rc.command.1.tlog
C:\Users\Tom\Desktop\code\Quake2-Project\release\rc.read.1.tlog
C:\Users\Tom\Desktop\code\Quake2-Project\release\rc.write.1.tlog
C:\Users\Tom\Desktop\code\Quake2-Project\release\ref_gl.exp
C:\USERS\TOM\DESKTOP\CODE\QUAKE2-PROJECT\RELEASE\SND_DMA.OBJ
C:\USERS\TOM\DESKTOP\CODE\QUAKE2-PROJECT\RELEASE\SND_MEM.OBJ
C:\USERS\TOM\DESKTOP\CODE\QUAKE2-PROJECT\RELEASE\SND_MIX.OBJ
C:\USERS\TOM\DESKTOP\CODE\QUAKE2-PROJECT\RELEASE\SND_WIN.OBJ
C:\USERS\TOM\DESKTOP\CODE\QUAKE2-PROJECT\RELEASE\SV_CCMDS.OBJ
C:\USERS\TOM\DESKTOP\CODE\QUAKE2-PROJECT\RELEASE\SV_ENTS.OBJ
C:\USERS\TOM\DESKTOP\CODE\QUAKE2-PROJECT\RELEASE\SV_GAME.OBJ
C:\USERS\TOM\DESKTOP\CODE\QUAKE2-PROJECT\RELEASE\SV_INIT.OBJ
C:\USERS\TOM\DESKTOP\CODE\QUAKE2-PROJECT\RELEASE\SV_MAIN.OBJ
C:\USERS\TOM\DESKTOP\CODE\QUAKE2-PROJECT\RELEASE\SV_SEND.OBJ
C:\USERS\TOM\DESKTOP\CODE\QUAKE2-PROJECT\RELEASE\SV_USER.OBJ
C:\USERS\TOM\DESKTOP\CODE\QUAKE2-PROJECT\RELEASE\SV_WORLD.OBJ
C:\USERS\TOM\DESKTOP\CODE\QUAKE2-PROJECT\RELEASE\SYS_WIN.OBJ
C:\USERS\TOM\DESKTOP\CODE\QUAKE2-PROJECT\RELEASE\VID_DLL.OBJ
C:\USERS\TOM\DESKTOP\CODE\QUAKE2-PROJECT\RELEASE\VID_MENU.OBJ
C:\USERS\TOM\DESKTOP\CODE\QUAKE2-PROJECT\RELEASE\X86.OBJ
